<?xml version="1.0" encoding="UTF-8"?>
<!-- Generated by org.testng.reporters.JUnitReportReporter -->
<testsuite hostname="john-PC" name="DriverFactory.DataDrivenFrameWork" tests="1" failures="0" timestamp="3 Nov 2020 05:08:35 GMT" time="56.628" errors="0">
  <testcase name="verifysupplier" time="56.628" classname="DriverFactory.DataDrivenFrameWork"/>
</testsuite> <!-- DriverFactory.DataDrivenFrameWork -->
