<?xml version="1.0" encoding="UTF-8"?>
<!-- Generated by org.testng.reporters.JUnitReportReporter -->
<testsuite hostname="john-PC" name="DriverFactory.AppTest" tests="1" failures="0" timestamp="11 Nov 2020 04:16:19 GMT" time="125.979" errors="0">
  <testcase name="kickStart" time="125.979" classname="DriverFactory.AppTest"/>
</testsuite> <!-- DriverFactory.AppTest -->
